<?xml version="1.0" encoding="UTF-8"?>
<testsuite xmlns:xsi="http://www.w3.org/2001/XMLSchema-instance" xsi:noNamespaceSchemaLocation="https://maven.apache.org/surefire/maven-surefire-plugin/xsd/surefire-test-report-3.0.xsd" version="3.0" name="com.examly.springapp.SpringappApplicationTests" time="7.172" tests="79" errors="0" skipped="0" failures="0">
  <properties>
[...]
</properties>
  <testcase name="Day3_test_Controller_Directory_Exists" classname="com.examly.springapp.SpringappApplicationTests" time="0.342">
    <system-out><![CDATA[04:20:21.924 [main] INFO org.springframework.test.context.support.AnnotationConfigContextLoaderUtils -- Could not detect default configuration classes for test class [com.examly.springapp.SpringappApplicationTests]: SpringappApplicationTests does not declare any static, non-private, non-final, nested classes annotated with @Configuration.
04:20:22.041 [main] INFO org.springframework.boot.test.context.SpringBootTestContextBootstrapper -- Found @SpringBootConfiguration com.examly.springapp.SpringappApplication for test class com.examly.springapp.SpringappApplicationTests
04:20:22.166 [main] INFO org.springframework.boot.devtools.restart.RestartApplicationListener -- Restart disabled due to context in which it is running

  .   ____          _            __ _ _
 /\\ / ___'_ __ _ _(_)_ __  __ _ \ \ \ \
( ( )\___ | '_ | '_| | '_ \/ _` | \ \ \ \
 \\/  ___)| |_)| | | | | || (_| |  ) ) ) )
  '  |____| .__|_| |_|_| |_\__, | / / / /
 =========|_|==============|___/=/_/_/_/

 :: Spring Boot ::               (v3.4.12)

2025-12-27T04:20:22.420Z  INFO 809 --- [           main] c.e.springapp.SpringappApplicationTests  : Starting SpringappApplicationTests using Java 17.0.17 with PID 809 (started by coder in /home/coder/project/workspace/springapp)
2025-12-27T04:20:22.421Z  INFO 809 --- [           main] c.e.springapp.SpringappApplicationTests  : No active profile set, falling back to 1 default profile: "default"
2025-12-27T04:20:23.055Z  INFO 809 --- [           main] .s.d.r.c.RepositoryConfigurationDelegate : Bootstrapping Spring Data JPA repositories in DEFAULT mode.
2025-12-27T04:20:23.103Z  INFO 809 --- [           main] .s.d.r.c.RepositoryConfigurationDelegate : Finished Spring Data repository scanning in 40 ms. Found 5 JPA repository interfaces.
2025-12-27T04:20:23.400Z  INFO 809 --- [           main] o.hibernate.jpa.internal.util.LogHelper  : HHH000204: Processing PersistenceUnitInfo [name: default]
2025-12-27T04:20:23.432Z  INFO 809 --- [           main] org.hibernate.Version                    : HHH000412: Hibernate ORM core version 6.6.36.Final
2025-12-27T04:20:23.455Z  INFO 809 --- [           main] o.h.c.internal.RegionFactoryInitiator    : HHH000026: Second-level cache disabled
2025-12-27T04:20:23.661Z  INFO 809 --- [           main] o.s.o.j.p.SpringPersistenceUnitInfo      : No LoadTimeWeaver setup: ignoring JPA class transformer
2025-12-27T04:20:23.682Z  INFO 809 --- [           main] com.zaxxer.hikari.HikariDataSource       : HikariPool-1 - Starting...
2025-12-27T04:20:23.938Z  INFO 809 --- [           main] com.zaxxer.hikari.pool.HikariPool        : HikariPool-1 - Added connection com.mysql.cj.jdbc.ConnectionImpl@995ad50
2025-12-27T04:20:23.939Z  INFO 809 --- [           main] com.zaxxer.hikari.HikariDataSource       : HikariPool-1 - Start completed.
2025-12-27T04:20:23.955Z  WARN 809 --- [           main] org.hibernate.orm.deprecation            : HHH90000025: MySQL8Dialect does not need to be specified explicitly using 'hibernate.dialect' (remove the property setting and it will be selected by default)
2025-12-27T04:20:23.956Z  WARN 809 --- [           main] org.hibernate.orm.deprecation            : HHH90000026: MySQL8Dialect has been deprecated; use org.hibernate.dialect.MySQLDialect instead
2025-12-27T04:20:23.971Z  INFO 809 --- [           main] org.hibernate.orm.connections.pooling    : HHH10001005: Database info:
	Database JDBC URL [Connecting through datasource 'HikariDataSource (HikariPool-1)']
	Database driver: undefined/unknown
	Database version: 8.0
	Autocommit mode: undefined/unknown
	Isolation level: undefined/unknown
	Minimum pool size: undefined/unknown
	Maximum pool size: undefined/unknown
2025-12-27T04:20:24.546Z  INFO 809 --- [           main] o.h.e.t.j.p.i.JtaPlatformInitiator       : HHH000489: No JTA platform available (set 'hibernate.transaction.jta.platform' to enable JTA platform integration)
Hibernate: alter table profile drop foreign key FKa8kd4w5g3w9yxyu8r2ymwpv4f
Hibernate: alter table user_role_mapping drop foreign key FKivsrdkkmm4e9k19vgaat9upp2
Hibernate: alter table user_role_mapping drop foreign key FKohc0k40ertugbw7wtviby3sq9
Hibernate: drop table if exists account_status_log
Hibernate: drop table if exists profile
Hibernate: drop table if exists role
Hibernate: drop table if exists user_account
Hibernate: drop table if exists user_role_mapping
Hibernate: create table account_status_log (id bigint not null auto_increment, new_status varchar(255), old_status varchar(255), primary key (id)) engine=InnoDB
Hibernate: create table profile (dob date, id bigint not null auto_increment, user_id bigint, address varchar(255), first_name varchar(255), gender varchar(255), last_name varchar(255), primary key (id)) engine=InnoDB
Hibernate: create table role (id bigint not null auto_increment, role_name varchar(255), primary key (id)) engine=InnoDB
Hibernate: create table user_account (id bigint not null auto_increment, email varchar(255), password_hash varchar(255), phone varchar(255), status varchar(255), username varchar(255), primary key (id)) engine=InnoDB
Hibernate: create table user_role_mapping (id bigint not null auto_increment, role_id bigint, user_id bigint, primary key (id)) engine=InnoDB
Hibernate: alter table profile add constraint FKa8kd4w5g3w9yxyu8r2ymwpv4f foreign key (user_id) references user_account (id)
Hibernate: alter table user_role_mapping add constraint FKivsrdkkmm4e9k19vgaat9upp2 foreign key (role_id) references role (id)
Hibernate: alter table user_role_mapping add constraint FKohc0k40ertugbw7wtviby3sq9 foreign key (user_id) references user_account (id)
2025-12-27T04:20:26.884Z  INFO 809 --- [           main] j.LocalContainerEntityManagerFactoryBean : Initialized JPA EntityManagerFactory for persistence unit 'default'
2025-12-27T04:20:27.131Z  INFO 809 --- [           main] o.s.d.j.r.query.QueryEnhancerFactory     : Hibernate is in classpath; If applicable, HQL parser will be used.
2025-12-27T04:20:27.584Z  WARN 809 --- [           main] JpaBaseConfiguration$JpaWebConfiguration : spring.jpa.open-in-view is enabled by default. Therefore, database queries may be performed during view rendering. Explicitly configure spring.jpa.open-in-view to disable this warning
2025-12-27T04:20:27.909Z  INFO 809 --- [           main] o.s.b.t.m.w.SpringBootMockServletContext : Initializing Spring TestDispatcherServlet ''
2025-12-27T04:20:27.909Z  INFO 809 --- [           main] o.s.t.web.servlet.TestDispatcherServlet  : Initializing Servlet ''
2025-12-27T04:20:27.910Z  INFO 809 --- [           main] o.s.t.web.servlet.TestDispatcherServlet  : Completed initialization in 1 ms
2025-12-27T04:20:27.931Z  INFO 809 --- [           main] c.e.springapp.SpringappApplicationTests  : Started SpringappApplicationTests in 5.775 seconds (process running for 6.523)
]]></system-out>
  </testcase>
  <testcase name="Day3_test_Model_Directory_Exists" classname="com.examly.springapp.SpringappApplicationTests" time="0.004"/>
  <testcase name="Day3_test_Service_Directory_Exists" classname="com.examly.springapp.SpringappApplicationTests" time="0.003"/>
  <testcase name="Day3_test_Repository_Directory_Exists" classname="com.examly.springapp.SpringappApplicationTests" time="0.003"/>
  <testcase name="Day4_test_RoleModel_File_Exists" classname="com.examly.springapp.SpringappApplicationTests" time="0.004"/>
  <testcase name="Day4_test_ProfileModel_File_Exists" classname="com.examly.springapp.SpringappApplicationTests" time="0.003"/>
  <testcase name="Day4_test_UserAccount_File_Exists" classname="com.examly.springapp.SpringappApplicationTests" time="0.003"/>
  <testcase name="Day4_test_AccountStatusLog_File_Exists" classname="com.examly.springapp.SpringappApplicationTests" time="0.003"/>
  <testcase name="Day4_test_UserRoleMapping_File_Exists" classname="com.examly.springapp.SpringappApplicationTests" time="0.003"/>
  <testcase name="Day4_test_Profile_Has_Entity_Annotation" classname="com.examly.springapp.SpringappApplicationTests" time="0.002"/>
  <testcase name="Day4_test_Profile_Has_Id_Annotation_On_Field" classname="com.examly.springapp.SpringappApplicationTests" time="0.002"/>
  <testcase name="Day5_testRoleRepo_File_Exists" classname="com.examly.springapp.SpringappApplicationTests" time="0.003"/>
  <testcase name="Day5_testProfileRepo_File_Exists" classname="com.examly.springapp.SpringappApplicationTests" time="0.003"/>
  <testcase name="Day5_testUserAccountRepo_File_Exists" classname="com.examly.springapp.SpringappApplicationTests" time="0.003"/>
  <testcase name="Day5_testAccountStatusLogRepo_File_Exists" classname="com.examly.springapp.SpringappApplicationTests" time="0.003"/>
  <testcase name="Day5_testUserRoleMappingRepo_File_Exists" classname="com.examly.springapp.SpringappApplicationTests" time="0.004"/>
  <testcase name="Day5_test_ProfileRepo_Has_Repository_Annotation" classname="com.examly.springapp.SpringappApplicationTests" time="0.003"/>
  <testcase name="Day5_test_RoleRepo_Has_Repository_Annotation" classname="com.examly.springapp.SpringappApplicationTests" time="0.003"/>
  <testcase name="Day5_test_UserAccountRepo_Has_Repository_Annotation" classname="com.examly.springapp.SpringappApplicationTests" time="0.003"/>
  <testcase name="Day5_test_AccountStatusLogRepo_Has_Repository_Annotation" classname="com.examly.springapp.SpringappApplicationTests" time="0.003"/>
  <testcase name="Day5_test_UserRoleMappingRepo_Has_Repository_Annotation" classname="com.examly.springapp.SpringappApplicationTests" time="0.003"/>
  <testcase name="Day6_test_RoleController_File_Exists" classname="com.examly.springapp.SpringappApplicationTests" time="0.003"/>
  <testcase name="Day6_test_ProfileController_File_Exists" classname="com.examly.springapp.SpringappApplicationTests" time="0.003"/>
  <testcase name="Day6_test_UserAccountController_File_Exists" classname="com.examly.springapp.SpringappApplicationTests" time="0.002"/>
  <testcase name="Day6_test_AccountStatusLogController_File_Exists" classname="com.examly.springapp.SpringappApplicationTests" time="0.002"/>
  <testcase name="Day6_test_UserRoleMappingController_File_Exists" classname="com.examly.springapp.SpringappApplicationTests" time="0.003"/>
  <testcase name="Day6_test_RoleController_Has_RestController_Annotation" classname="com.examly.springapp.SpringappApplicationTests" time="0.003"/>
  <testcase name="Day6_test_ProfileController_Has_RestController_Annotation" classname="com.examly.springapp.SpringappApplicationTests" time="0.003"/>
  <testcase name="Day6_test_RoleController_Has_PostMapping" classname="com.examly.springapp.SpringappApplicationTests" time="0.002"/>
  <testcase name="Day6_test_RoleController_Has_GetMapping" classname="com.examly.springapp.SpringappApplicationTests" time="0.003"/>
  <testcase name="Day6_test_RoleController_Has_PutMapping" classname="com.examly.springapp.SpringappApplicationTests" time="0.002"/>
  <testcase name="Day6_test_RoleController_Has_DeleteMapping" classname="com.examly.springapp.SpringappApplicationTests" time="0.003"/>
  <testcase name="Day6_testCreateRole_NoBody_StatusBadRequest" classname="com.examly.springapp.SpringappApplicationTests" time="0.085"/>
  <testcase name="Day6_testGetAllRoles_StatusOk" classname="com.examly.springapp.SpringappApplicationTests" time="0.092">
    <system-out><![CDATA[Hibernate: select r1_0.id,r1_0.role_name from role r1_0
]]></system-out>
  </testcase>
  <testcase name="Day7_test_RoleController_Has_RequestMapping" classname="com.examly.springapp.SpringappApplicationTests" time="0.003"/>
  <testcase name="Day7_test_RoleController_Has_PathVariable" classname="com.examly.springapp.SpringappApplicationTests" time="0.003"/>
  <testcase name="Day7_test_ProfileController_Has_RequestMapping" classname="com.examly.springapp.SpringappApplicationTests" time="0.002"/>
  <testcase name="Day7_test_UserRoleMappingController_Has_RequestMapping" classname="com.examly.springapp.SpringappApplicationTests" time="0.003"/>
  <testcase name="Day7_test_ProfileController_Has_PathVariable" classname="com.examly.springapp.SpringappApplicationTests" time="0.003"/>
  <testcase name="Day7_test_UserRoleMappingController_Has_PathVariable" classname="com.examly.springapp.SpringappApplicationTests" time="0.002"/>
  <testcase name="Day7_test_AccountStatusLog_Has_RequestMapping" classname="com.examly.springapp.SpringappApplicationTests" time="0.002"/>
  <testcase name="Day8_test_RoleService_File_Exists" classname="com.examly.springapp.SpringappApplicationTests" time="0.002"/>
  <testcase name="Day8_test_ProfileService_File_Exists" classname="com.examly.springapp.SpringappApplicationTests" time="0.002"/>
  <testcase name="Day8_test_UserAccountService_File_Exists" classname="com.examly.springapp.SpringappApplicationTests" time="0.003"/>
  <testcase name="Day8_test_AccountStatusLogService_File_Exists" classname="com.examly.springapp.SpringappApplicationTests" time="0.002"/>
  <testcase name="Day8_test_UserRoleMappingService_File_Exists" classname="com.examly.springapp.SpringappApplicationTests" time="0.002"/>
  <testcase name="Day8_test_RoleServiceImpl_File_Exists" classname="com.examly.springapp.SpringappApplicationTests" time="0.002"/>
  <testcase name="Day8_test_ProfileServiceImpl_File_Exists" classname="com.examly.springapp.SpringappApplicationTests" time="0.002"/>
  <testcase name="Day8_test_UserAccountServiceImpl_File_Exists" classname="com.examly.springapp.SpringappApplicationTests" time="0.003"/>
  <testcase name="Day8_test_AccountStatusLogServiceImpl_File_Exists" classname="com.examly.springapp.SpringappApplicationTests" time="0.002"/>
  <testcase name="Day8_test_UserRoleMappingServiceImpl_File_Exists" classname="com.examly.springapp.SpringappApplicationTests" time="0.002"/>
  <testcase name="Day8_testAddRole" classname="com.examly.springapp.SpringappApplicationTests" time="0.063">
    <system-out><![CDATA[Hibernate: insert into role (role_name) values (?)
]]></system-out>
  </testcase>
  <testcase name="Day8_testGetAllRoles" classname="com.examly.springapp.SpringappApplicationTests" time="0.01">
    <system-out><![CDATA[Hibernate: select r1_0.id,r1_0.role_name from role r1_0
]]></system-out>
  </testcase>
  <testcase name="Day8_testGetRoleById" classname="com.examly.springapp.SpringappApplicationTests" time="0.014">
    <system-out><![CDATA[Hibernate: select r1_0.id,r1_0.role_name from role r1_0 where r1_0.id=?
]]></system-out>
  </testcase>
  <testcase name="Day8_testUpdateRole" classname="com.examly.springapp.SpringappApplicationTests" time="0.017">
    <system-out><![CDATA[Hibernate: select r1_0.id,r1_0.role_name from role r1_0 where r1_0.id=?
Hibernate: update role set role_name=? where id=?
]]></system-out>
  </testcase>
  <testcase name="Day9_testPagination_PageNumberApplied" classname="com.examly.springapp.SpringappApplicationTests" time="0.039">
    <system-out><![CDATA[Hibernate: select r1_0.id,r1_0.role_name from role r1_0 order by r1_0.id limit ?,?
2025-12-27T04:20:28.745Z  WARN 809 --- [           main] ration$PageModule$WarningLoggingModifier : Serializing PageImpl instances as-is is not supported, meaning that there is no guarantee about the stability of the resulting JSON structure!
	For a stable JSON structure, please use Spring Data's PagedModel (globally via @EnableSpringDataWebSupport(pageSerializationMode = VIA_DTO))
	or Spring HATEOAS and Spring Data's PagedResourcesAssembler as documented in https://docs.spring.io/spring-data/commons/reference/repositories/core-extensions.html#core.web.pageables.

]]></system-out>
  </testcase>
  <testcase name="Day9_testPagination_PageSizeApplied" classname="com.examly.springapp.SpringappApplicationTests" time="0.015">
    <system-out><![CDATA[Hibernate: select r1_0.id,r1_0.role_name from role r1_0 order by r1_0.id limit ?,?
Hibernate: select count(r1_0.id) from role r1_0
]]></system-out>
  </testcase>
  <testcase name="Day9_testPagination_SortingPresent" classname="com.examly.springapp.SpringappApplicationTests" time="0.012">
    <system-out><![CDATA[Hibernate: select r1_0.id,r1_0.role_name from role r1_0 order by r1_0.id limit ?,?
]]></system-out>
  </testcase>
  <testcase name="Day9_testPagination_ContentArrayExists" classname="com.examly.springapp.SpringappApplicationTests" time="0.007">
    <system-out><![CDATA[Hibernate: select r1_0.id,r1_0.role_name from role r1_0 order by r1_0.id limit ?,?
]]></system-out>
  </testcase>
  <testcase name="Day9_testPagination_TotalElementsExists" classname="com.examly.springapp.SpringappApplicationTests" time="0.007">
    <system-out><![CDATA[Hibernate: select r1_0.id,r1_0.role_name from role r1_0 order by r1_0.id limit ?,?
]]></system-out>
  </testcase>
  <testcase name="Day9_testPagination_TotalPagesExists" classname="com.examly.springapp.SpringappApplicationTests" time="0.007">
    <system-out><![CDATA[Hibernate: select r1_0.id,r1_0.role_name from role r1_0 order by r1_0.id limit ?,?
]]></system-out>
  </testcase>
  <testcase name="Day10_testCreateUser" classname="com.examly.springapp.SpringappApplicationTests" time="0.01">
    <system-out><![CDATA[Hibernate: insert into user_account (email,password_hash,phone,status,username) values (?,?,?,?,?)
]]></system-out>
  </testcase>
  <testcase name="Day10_testAddProfile" classname="com.examly.springapp.SpringappApplicationTests" time="0.016">
    <system-out><![CDATA[Hibernate: insert into profile (address,dob,first_name,gender,last_name,user_id) values (?,?,?,?,?,?)
]]></system-out>
  </testcase>
  <testcase name="Day10_testGetAllProfiles" classname="com.examly.springapp.SpringappApplicationTests" time="0.014">
    <system-out><![CDATA[Hibernate: select p1_0.id,p1_0.address,p1_0.dob,p1_0.first_name,p1_0.gender,p1_0.last_name,p1_0.user_id from profile p1_0
Hibernate: select ua1_0.id,ua1_0.email,ua1_0.password_hash,ua1_0.phone,ua1_0.status,ua1_0.username from user_account ua1_0 where ua1_0.id=?
]]></system-out>
  </testcase>
  <testcase name="Day10_testGetProfileById" classname="com.examly.springapp.SpringappApplicationTests" time="0.009">
    <system-out><![CDATA[Hibernate: select p1_0.id,p1_0.address,p1_0.dob,p1_0.first_name,p1_0.gender,p1_0.last_name,u1_0.id,u1_0.email,u1_0.password_hash,u1_0.phone,u1_0.status,u1_0.username from profile p1_0 left join user_account u1_0 on u1_0.id=p1_0.user_id where p1_0.id=?
]]></system-out>
  </testcase>
  <testcase name="Day10_testUpdateProfile" classname="com.examly.springapp.SpringappApplicationTests" time="0.015">
    <system-out><![CDATA[Hibernate: select p1_0.id,p1_0.address,p1_0.dob,p1_0.first_name,p1_0.gender,p1_0.last_name,u1_0.id,u1_0.email,u1_0.password_hash,u1_0.phone,u1_0.status,u1_0.username from profile p1_0 left join user_account u1_0 on u1_0.id=p1_0.user_id where p1_0.id=?
Hibernate: update profile set address=?,dob=?,first_name=?,gender=?,last_name=?,user_id=? where id=?
]]></system-out>
  </testcase>
  <testcase name="Day10_testAddUserRoleMapping" classname="com.examly.springapp.SpringappApplicationTests" time="0.011">
    <system-out><![CDATA[Hibernate: insert into user_role_mapping (role_id,user_id) values (?,?)
]]></system-out>
  </testcase>
  <testcase name="Day10_testGetAllUserRoleMappings" classname="com.examly.springapp.SpringappApplicationTests" time="0.008">
    <system-out><![CDATA[Hibernate: select urm1_0.id,urm1_0.role_id,urm1_0.user_id from user_role_mapping urm1_0
Hibernate: select r1_0.id,r1_0.role_name from role r1_0 where r1_0.id=?
Hibernate: select ua1_0.id,ua1_0.email,ua1_0.password_hash,ua1_0.phone,ua1_0.status,ua1_0.username from user_account ua1_0 where ua1_0.id=?
]]></system-out>
  </testcase>
  <testcase name="Day10_testGetUserRoleMappingById" classname="com.examly.springapp.SpringappApplicationTests" time="0.006">
    <system-out><![CDATA[Hibernate: select urm1_0.id,r1_0.id,r1_0.role_name,u1_0.id,u1_0.email,u1_0.password_hash,u1_0.phone,u1_0.status,u1_0.username from user_role_mapping urm1_0 left join role r1_0 on r1_0.id=urm1_0.role_id left join user_account u1_0 on u1_0.id=urm1_0.user_id where urm1_0.id=?
]]></system-out>
  </testcase>
  <testcase name="Day10_testUpdateUserRoleMapping" classname="com.examly.springapp.SpringappApplicationTests" time="0.008">
    <system-out><![CDATA[Hibernate: select urm1_0.id,r1_0.id,r1_0.role_name,u1_0.id,u1_0.email,u1_0.password_hash,u1_0.phone,u1_0.status,u1_0.username from user_role_mapping urm1_0 left join role r1_0 on r1_0.id=urm1_0.role_id left join user_account u1_0 on u1_0.id=urm1_0.user_id where urm1_0.id=?
]]></system-out>
  </testcase>
  <testcase name="Day11_testGetUserRoleMappingsByUserId" classname="com.examly.springapp.SpringappApplicationTests" time="0.015">
    <system-out><![CDATA[Hibernate: select urm1_0.id,urm1_0.role_id,urm1_0.user_id from user_role_mapping urm1_0 where urm1_0.user_id=?
Hibernate: select r1_0.id,r1_0.role_name from role r1_0 where r1_0.id=?
Hibernate: select ua1_0.id,ua1_0.email,ua1_0.password_hash,ua1_0.phone,ua1_0.status,ua1_0.username from user_account ua1_0 where ua1_0.id=?
]]></system-out>
  </testcase>
  <testcase name="Day12_testGetUserRoleMappingByUserIdAndRoleId" classname="com.examly.springapp.SpringappApplicationTests" time="0.008">
    <system-out><![CDATA[Hibernate: select urm1_0.id,urm1_0.role_id,urm1_0.user_id from user_role_mapping urm1_0 where urm1_0.user_id=? and urm1_0.role_id=?
Hibernate: select r1_0.id,r1_0.role_name from role r1_0 where r1_0.id=?
Hibernate: select ua1_0.id,ua1_0.email,ua1_0.password_hash,ua1_0.phone,ua1_0.status,ua1_0.username from user_account ua1_0 where ua1_0.id=?
]]></system-out>
  </testcase>
  <testcase name="Day12_testGetUserRoleMappingByUserId_NotFound" classname="com.examly.springapp.SpringappApplicationTests" time="0.005">
    <system-out><![CDATA[Hibernate: select urm1_0.id,urm1_0.role_id,urm1_0.user_id from user_role_mapping urm1_0 where urm1_0.user_id=?
]]></system-out>
  </testcase>
  <testcase name="Day12_testGetProfileByName" classname="com.examly.springapp.SpringappApplicationTests" time="0.01">
    <system-out><![CDATA[Hibernate: select p1_0.id,p1_0.address,p1_0.dob,p1_0.first_name,p1_0.gender,p1_0.last_name,p1_0.user_id from profile p1_0 where p1_0.first_name=?
]]></system-out>
  </testcase>
  <testcase name="Day12_testGetProfilesByNameAndAddress" classname="com.examly.springapp.SpringappApplicationTests" time="0.007">
    <system-out><![CDATA[Hibernate: select p1_0.id,p1_0.address,p1_0.dob,p1_0.first_name,p1_0.gender,p1_0.last_name,p1_0.user_id from profile p1_0 where p1_0.first_name=? and p1_0.address=?
]]></system-out>
  </testcase>
  <testcase name="Day13_test_exception_Directory_Exists" classname="com.examly.springapp.SpringappApplicationTests" time="0.002"/>
  <testcase name="Day13_test_GlobalExceptionHandler_File_Exists" classname="com.examly.springapp.SpringappApplicationTests" time="0.001"/>
  <testcase name="Day14_test_configuration_Directory_Exists" classname="com.examly.springapp.SpringappApplicationTests" time="0.001"/>
  <testcase name="Day15_testAOPLogFileExists" classname="com.examly.springapp.SpringappApplicationTests" time="0.001"/>
</testsuite>